[debug] [2023-03-09T21:15:12.091Z] ----------------------------------------------------------------------
[debug] [2023-03-09T21:15:12.093Z] Command:       /usr/local/bin/node /usr/local/bin/firebase init
[debug] [2023-03-09T21:15:12.094Z] CLI Version:   11.24.1
[debug] [2023-03-09T21:15:12.094Z] Platform:      darwin
[debug] [2023-03-09T21:15:12.094Z] Node Version:  v18.15.0
[debug] [2023-03-09T21:15:12.096Z] Time:          Thu Mar 09 2023 23:15:12 GMT+0200 (Israel Standard Time)
[debug] [2023-03-09T21:15:12.096Z] ----------------------------------------------------------------------
[debug] 
[debug] [2023-03-09T21:15:12.104Z] > command requires scopes: ["email","openid","https://www.googleapis.com/auth/cloudplatformprojects.readonly","https://www.googleapis.com/auth/firebase","https://www.googleapis.com/auth/cloud-platform"]
[debug] [2023-03-09T21:15:12.104Z] > authorizing via signed-in user (lilly.liho@gmail.com)
[info] 
     ######## #### ########  ######## ########     ###     ######  ########
     ##        ##  ##     ## ##       ##     ##  ##   ##  ##       ##
     ######    ##  ########  ######   ########  #########  ######  ######
     ##        ##  ##    ##  ##       ##     ## ##     ##       ## ##
     ##       #### ##     ## ######## ########  ##     ##  ######  ########

You're about to initialize a Firebase project in this directory:

  /Users/lily/Desktop/repos/limi-api

[info] 
=== Project Setup
[info] 
[info] First, let's associate this project directory with a Firebase project.
[info] You can create multiple project aliases by running firebase use --add, 
[info] but for now we'll just set up a default project.
[info] 
[debug] [2023-03-09T21:15:33.620Z] >>> [apiv2][query] GET https://firebase.googleapis.com/v1beta1/projects pageSize=100
[debug] [2023-03-09T21:15:34.243Z] <<< [apiv2][status] GET https://firebase.googleapis.com/v1beta1/projects 200
[debug] [2023-03-09T21:15:34.243Z] <<< [apiv2][body] GET https://firebase.googleapis.com/v1beta1/projects [omitted]
[info] i  Using project limi-380021 (Limi) 
[info] 
=== Firestore Setup
[debug] [2023-03-09T21:15:35.605Z] >>> [apiv2][query] GET https://serviceusage.googleapis.com/v1/projects/limi-380021/services/firestore.googleapis.com [none]
[debug] [2023-03-09T21:15:35.605Z] >>> [apiv2][(partial)header] GET https://serviceusage.googleapis.com/v1/projects/limi-380021/services/firestore.googleapis.com x-goog-quota-user=projects/limi-380021
[debug] [2023-03-09T21:15:36.938Z] <<< [apiv2][status] GET https://serviceusage.googleapis.com/v1/projects/limi-380021/services/firestore.googleapis.com 200
[debug] [2023-03-09T21:15:36.938Z] <<< [apiv2][body] GET https://serviceusage.googleapis.com/v1/projects/limi-380021/services/firestore.googleapis.com [omitted]
[debug] [2023-03-09T21:15:36.939Z] >>> [apiv2][query] GET https://firestore.googleapis.com/v1/projects/limi-380021/databases/(default) [none]
[debug] [2023-03-09T21:15:38.056Z] <<< [apiv2][status] GET https://firestore.googleapis.com/v1/projects/limi-380021/databases/(default) 200
[debug] [2023-03-09T21:15:38.056Z] <<< [apiv2][body] GET https://firestore.googleapis.com/v1/projects/limi-380021/databases/(default) {"name":"projects/limi-380021/databases/(default)","uid":"2b0a589b-df15-4370-814f-abf412f8c7f0","createTime":"2023-03-09T15:23:59.891785Z","updateTime":"2023-03-09T15:23:59.891785Z","locationId":"nam5","type":"FIRESTORE_NATIVE","concurrencyMode":"PESSIMISTIC","appEngineIntegrationMode":"DISABLED","keyPrefix":"s","etag":"IIL3+qviz/0CMPi3ztmWz/0C"}
[debug] [2023-03-09T21:15:38.056Z] database_type: FIRESTORE_NATIVE
[debug] [2023-03-09T21:15:38.057Z] > command requires scopes: ["email","openid","https://www.googleapis.com/auth/cloudplatformprojects.readonly","https://www.googleapis.com/auth/firebase","https://www.googleapis.com/auth/cloud-platform"]
[debug] [2023-03-09T21:15:38.057Z] > authorizing via signed-in user (lilly.liho@gmail.com)
[debug] [2023-03-09T21:15:38.058Z] [iam] checking project limi-380021 for permissions ["firebase.projects.get"]
[debug] [2023-03-09T21:15:38.058Z] >>> [apiv2][query] POST https://cloudresourcemanager.googleapis.com/v1/projects/limi-380021:testIamPermissions [none]
[debug] [2023-03-09T21:15:38.058Z] >>> [apiv2][(partial)header] POST https://cloudresourcemanager.googleapis.com/v1/projects/limi-380021:testIamPermissions x-goog-quota-user=projects/limi-380021
[debug] [2023-03-09T21:15:38.059Z] >>> [apiv2][body] POST https://cloudresourcemanager.googleapis.com/v1/projects/limi-380021:testIamPermissions {"permissions":["firebase.projects.get"]}
[debug] [2023-03-09T21:15:39.087Z] <<< [apiv2][status] POST https://cloudresourcemanager.googleapis.com/v1/projects/limi-380021:testIamPermissions 200
[debug] [2023-03-09T21:15:39.087Z] <<< [apiv2][body] POST https://cloudresourcemanager.googleapis.com/v1/projects/limi-380021:testIamPermissions {"permissions":["firebase.projects.get"]}
[info] 
[info] Firestore Security Rules allow you to define how and when to allow
[info] requests. You can keep these rules in your project directory
[info] and publish them with firebase deploy.
[info] 
[debug] [2023-03-09T21:15:40.469Z] >>> [apiv2][query] GET https://firebaserules.googleapis.com/v1/projects/limi-380021/releases pageSize=10&pageToken=
[debug] [2023-03-09T21:15:41.341Z] <<< [apiv2][status] GET https://firebaserules.googleapis.com/v1/projects/limi-380021/releases 200
[debug] [2023-03-09T21:15:41.342Z] <<< [apiv2][body] GET https://firebaserules.googleapis.com/v1/projects/limi-380021/releases {"releases":[{"name":"projects/limi-380021/releases/cloud.firestore","rulesetName":"projects/limi-380021/rulesets/c29eda49-91c4-46a3-90c0-cad95864d946","createTime":"2023-03-09T15:24:05.613116Z","updateTime":"2023-03-09T15:24:05.613116Z"}]}
[debug] [2023-03-09T21:15:41.342Z] Found ruleset: projects/limi-380021/rulesets/c29eda49-91c4-46a3-90c0-cad95864d946
[debug] [2023-03-09T21:15:41.342Z] >>> [apiv2][query] GET https://firebaserules.googleapis.com/v1/projects/limi-380021/rulesets/c29eda49-91c4-46a3-90c0-cad95864d946 [none]
[debug] [2023-03-09T21:15:42.158Z] <<< [apiv2][status] GET https://firebaserules.googleapis.com/v1/projects/limi-380021/rulesets/c29eda49-91c4-46a3-90c0-cad95864d946 200
[debug] [2023-03-09T21:15:42.158Z] <<< [apiv2][body] GET https://firebaserules.googleapis.com/v1/projects/limi-380021/rulesets/c29eda49-91c4-46a3-90c0-cad95864d946 [omitted]
[info] 
[info] Firestore indexes allow you to perform complex queries while
[info] maintaining performance that scales with the size of the result
[info] set. You can keep index definitions in your project directory
[info] and publish them with firebase deploy.
[info] 
[debug] [2023-03-09T21:15:42.876Z] >>> [apiv2][query] GET https://firestore.googleapis.com/v1/projects/limi-380021/databases/(default)/collectionGroups/-/indexes [none]
[debug] [2023-03-09T21:15:42.878Z] >>> [apiv2][query] GET https://firestore.googleapis.com/v1/projects/limi-380021/databases/(default)/collectionGroups/-/fields?filter=indexConfig.usesAncestorConfig=false OR ttlConfig:* [none]
[debug] [2023-03-09T21:15:44.004Z] <<< [apiv2][status] GET https://firestore.googleapis.com/v1/projects/limi-380021/databases/(default)/collectionGroups/-/fields?filter=indexConfig.usesAncestorConfig=false OR ttlConfig:* 200
[debug] [2023-03-09T21:15:44.004Z] <<< [apiv2][body] GET https://firestore.googleapis.com/v1/projects/limi-380021/databases/(default)/collectionGroups/-/fields?filter=indexConfig.usesAncestorConfig=false OR ttlConfig:* {"fields":[{"name":"projects/limi-380021/databases/(default)/collectionGroups/__default__/fields/*","indexConfig":{"indexes":[{"queryScope":"COLLECTION","fields":[{"fieldPath":"*","order":"ASCENDING"}],"state":"READY"},{"queryScope":"COLLECTION","fields":[{"fieldPath":"*","order":"DESCENDING"}],"state":"READY"},{"queryScope":"COLLECTION","fields":[{"fieldPath":"*","arrayConfig":"CONTAINS"}],"state":"READY"}]}}]}
[debug] [2023-03-09T21:15:44.004Z] <<< [apiv2][status] GET https://firestore.googleapis.com/v1/projects/limi-380021/databases/(default)/collectionGroups/-/indexes 200
[debug] [2023-03-09T21:15:44.005Z] <<< [apiv2][body] GET https://firestore.googleapis.com/v1/projects/limi-380021/databases/(default)/collectionGroups/-/indexes {}
[info] 
=== Functions Setup
[debug] [2023-03-09T21:15:44.006Z] > command requires scopes: ["email","openid","https://www.googleapis.com/auth/cloudplatformprojects.readonly","https://www.googleapis.com/auth/firebase","https://www.googleapis.com/auth/cloud-platform"]
[debug] [2023-03-09T21:15:44.006Z] > authorizing via signed-in user (lilly.liho@gmail.com)
[debug] [2023-03-09T21:15:44.006Z] [iam] checking project limi-380021 for permissions ["firebase.projects.get"]
[debug] [2023-03-09T21:15:44.007Z] >>> [apiv2][query] POST https://cloudresourcemanager.googleapis.com/v1/projects/limi-380021:testIamPermissions [none]
[debug] [2023-03-09T21:15:44.007Z] >>> [apiv2][(partial)header] POST https://cloudresourcemanager.googleapis.com/v1/projects/limi-380021:testIamPermissions x-goog-quota-user=projects/limi-380021
[debug] [2023-03-09T21:15:44.007Z] >>> [apiv2][body] POST https://cloudresourcemanager.googleapis.com/v1/projects/limi-380021:testIamPermissions {"permissions":["firebase.projects.get"]}
[debug] [2023-03-09T21:15:44.307Z] <<< [apiv2][status] POST https://cloudresourcemanager.googleapis.com/v1/projects/limi-380021:testIamPermissions 200
[debug] [2023-03-09T21:15:44.307Z] <<< [apiv2][body] POST https://cloudresourcemanager.googleapis.com/v1/projects/limi-380021:testIamPermissions {"permissions":["firebase.projects.get"]}
[debug] [2023-03-09T21:15:44.308Z] >>> [apiv2][query] GET https://serviceusage.googleapis.com/v1/projects/limi-380021/services/cloudfunctions.googleapis.com [none]
[debug] [2023-03-09T21:15:44.308Z] >>> [apiv2][(partial)header] GET https://serviceusage.googleapis.com/v1/projects/limi-380021/services/cloudfunctions.googleapis.com x-goog-quota-user=projects/limi-380021
[debug] [2023-03-09T21:15:44.310Z] >>> [apiv2][query] GET https://serviceusage.googleapis.com/v1/projects/limi-380021/services/runtimeconfig.googleapis.com [none]
[debug] [2023-03-09T21:15:44.310Z] >>> [apiv2][(partial)header] GET https://serviceusage.googleapis.com/v1/projects/limi-380021/services/runtimeconfig.googleapis.com x-goog-quota-user=projects/limi-380021
[debug] [2023-03-09T21:15:45.540Z] <<< [apiv2][status] GET https://serviceusage.googleapis.com/v1/projects/limi-380021/services/cloudfunctions.googleapis.com 200
[debug] [2023-03-09T21:15:45.541Z] <<< [apiv2][body] GET https://serviceusage.googleapis.com/v1/projects/limi-380021/services/cloudfunctions.googleapis.com [omitted]
[debug] [2023-03-09T21:15:45.541Z] <<< [apiv2][status] GET https://serviceusage.googleapis.com/v1/projects/limi-380021/services/runtimeconfig.googleapis.com 200
[debug] [2023-03-09T21:15:45.541Z] <<< [apiv2][body] GET https://serviceusage.googleapis.com/v1/projects/limi-380021/services/runtimeconfig.googleapis.com [omitted]
[info] Let's create a new codebase for your functions.
[info] A directory corresponding to the codebase will be created in your project
[info] with sample code pre-configured.

[info] See https://firebase.google.com/docs/functions/organize-functions for
[info] more information on organizing your functions using codebases.

[info] Functions can be deployed with firebase deploy.

[info] ✔  Wrote functions/package.json 
[info] ✔  Wrote functions/.eslintrc.js 
[info] ✔  Wrote functions/index.js 
[info] ✔  Wrote functions/.gitignore 
[info] 
=== Hosting Setup
[info] 
[info] Your public directory is the folder (relative to your project directory) that
[info] will contain Hosting assets to be uploaded with firebase deploy. If you
[info] have a build process for your assets, use your build's output directory.
[info] 
[debug] [2023-03-09T21:17:09.267Z] >>> [apiv2][query] GET https://www.gstatic.com/firebasejs/releases.json [none]
[debug] [2023-03-09T21:17:09.420Z] <<< [apiv2][status] GET https://www.gstatic.com/firebasejs/releases.json 200
[debug] [2023-03-09T21:17:09.420Z] <<< [apiv2][body] GET https://www.gstatic.com/firebasejs/releases.json {"current":{"version":"9.17.2","browserURL":"https://www.gstatic.com/firebasejs/9.17.2/firebase.js","packageURL":"https://www.gstatic.com/firebasejs/9.17.2/firebase.tgz"},"live":{"version":"9.17","browserURL":"https://www.gstatic.com/firebasejs/live/9.17/firebase.js","packageURL":"https://www.gstatic.com/firebasejs/live/9.17/firebase.tgz"},"components":{"analytics":"https://www.gstatic.com/firebasejs/9.17.2/firebase-analytics.js","app":"https://www.gstatic.com/firebasejs/9.17.2/firebase-app.js","app-check":"https://www.gstatic.com/firebasejs/9.17.2/firebase-app-check.js","auth":"https://www.gstatic.com/firebasejs/9.17.2/firebase-auth.js","auth/cordova":"https://www.gstatic.com/firebasejs/9.17.2/firebase-auth/cordova.js","auth/react-native":"https://www.gstatic.com/firebasejs/9.17.2/firebase-auth/react-native.js","functions":"https://www.gstatic.com/firebasejs/9.17.2/firebase-functions.js","firestore":"https://www.gstatic.com/firebasejs/9.17.2/firebase-firestore.js","firestore/lite":"https://www.gstatic.com/firebasejs/9.17.2/firebase-firestore/lite.js","installations":"https://www.gstatic.com/firebasejs/9.17.2/firebase-installations.js","storage":"https://www.gstatic.com/firebasejs/9.17.2/firebase-storage.js","performance":"https://www.gstatic.com/firebasejs/9.17.2/firebase-performance.js","remote-config":"https://www.gstatic.com/firebasejs/9.17.2/firebase-remote-config.js","messaging":"https://www.gstatic.com/firebasejs/9.17.2/firebase-messaging.js","messaging/sw":"https://www.gstatic.com/firebasejs/9.17.2/firebase-messaging/sw.js","database":"https://www.gstatic.com/firebasejs/9.17.2/firebase-database.js","firestore.memory":"https://www.gstatic.com/firebasejs/9.17.2/firebase-firestore.memory.js"}}
[info] ✔  Wrote public/index.html 
[info] 
[info] i  Didn't detect a .git folder. Assuming /Users/lily/Desktop/repos/limi-api is the project root. 
[info] i  Authorizing with GitHub to upload your service account to a GitHub repository's secrets store. 
[info] 
[info] Visit this URL on this device to log in:
[info] https://github.com/login/oauth/authorize?client_id=89cf50f02ac6aaed3484&state=850433545&redirect_uri=http%3A%2F%2Flocalhost%3A9005&scope=read%3Auser%20repo%20public_repo
[info] 
[info] Waiting for authentication...
[debug] [2023-03-09T21:18:02.698Z] >>> [apiv2][query] POST https://github.com/login/oauth/access_token [none]
[debug] [2023-03-09T21:18:02.699Z] >>> [apiv2][body] POST https://github.com/login/oauth/access_token [stream]
[debug] [2023-03-09T21:18:03.142Z] <<< [apiv2][status] POST https://github.com/login/oauth/access_token 200
[debug] [2023-03-09T21:18:03.142Z] <<< [apiv2][body] POST https://github.com/login/oauth/access_token {"access_token":"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","token_type":"bearer","scope":"read:user,repo"}
[debug] [2023-03-09T21:18:03.157Z] >>> [apiv2][query] GET https://api.github.com/user [none]
[debug] [2023-03-09T21:18:03.608Z] <<< [apiv2][status] GET https://api.github.com/user 200
[debug] [2023-03-09T21:18:03.609Z] <<< [apiv2][body] GET https://api.github.com/user {"login":"Lihovod","id":7195708,"node_id":"MDQ6VXNlcjcxOTU3MDg=","avatar_url":"https://avatars.githubusercontent.com/u/7195708?v=4","gravatar_id":"","url":"https://api.github.com/users/Lihovod","html_url":"https://github.com/Lihovod","followers_url":"https://api.github.com/users/Lihovod/followers","following_url":"https://api.github.com/users/Lihovod/following{/other_user}","gists_url":"https://api.github.com/users/Lihovod/gists{/gist_id}","starred_url":"https://api.github.com/users/Lihovod/starred{/owner}{/repo}","subscriptions_url":"https://api.github.com/users/Lihovod/subscriptions","organizations_url":"https://api.github.com/users/Lihovod/orgs","repos_url":"https://api.github.com/users/Lihovod/repos","events_url":"https://api.github.com/users/Lihovod/events{/privacy}","received_events_url":"https://api.github.com/users/Lihovod/received_events","type":"User","site_admin":false,"name":"Lily","company":null,"blog":"","location":"Israel ","email":"lilly.liho@gmail.com","hireable":null,"bio":null,"twitter_username":null,"public_repos":1,"public_gists":8,"followers":3,"following":1,"created_at":"2014-04-06T12:12:28Z","updated_at":"2023-01-27T11:40:39Z","private_gists":2,"total_private_repos":9,"owned_private_repos":9,"disk_usage":64053,"collaborators":0,"two_factor_authentication":true,"plan":{"name":"pro","space":976562499,"collaborators":0,"private_repos":9999}}
[info] 
[info] ✔  Success! Logged into GitHub as Lihovod 
[info] 
